[0.129s] Invoking command in '/home/nomoto/ros2_ws/src/build/person_msgs': CMAKE_PREFIX_PATH=/home/nomoto/ros2_ws/install/mypkg:/opt/ros/dashing /usr/bin/cmake /home/nomoto/ros2_ws/src/person_msgs -DCMAKE_INSTALL_PREFIX=/home/nomoto/ros2_ws/src/install/person_msgs
[0.193s] -- The C compiler identification is GNU 7.5.0
[0.258s] -- The CXX compiler identification is GNU 7.5.0
[0.277s] -- Check for working C compiler: /usr/bin/cc
[0.344s] -- Check for working C compiler: /usr/bin/cc -- works
[0.344s] -- Detecting C compiler ABI info
[0.418s] -- Detecting C compiler ABI info - done
[0.421s] -- Detecting C compile features
[0.649s] -- Detecting C compile features - done
[0.651s] -- Check for working CXX compiler: /usr/bin/c++
[0.724s] -- Check for working CXX compiler: /usr/bin/c++ -- works
[0.724s] -- Detecting CXX compiler ABI info
[0.800s] -- Detecting CXX compiler ABI info - done
[0.802s] -- Detecting CXX compile features
[1.113s] -- Detecting CXX compile features - done
[1.114s] -- Found ament_cmake: 0.7.6 (/opt/ros/dashing/share/ament_cmake/cmake)
[1.130s] -- Found PythonInterp: /usr/bin/python3 (found suitable version "3.6.9", minimum required is "3") 
[1.131s] -- Using PYTHON_EXECUTABLE: /usr/bin/python3
[1.242s] -- Found rosidl_default_generators: 0.7.0 (/opt/ros/dashing/share/rosidl_default_generators/cmake)
[1.609s] -- Found OpenSSL: /usr/lib/x86_64-linux-gnu/libcrypto.so (found version "1.1.1") 
[1.916s] -- Found FastRTPS: /opt/ros/dashing/include  
[1.932s] -- Found rosidl_adapter: 0.7.10 (/opt/ros/dashing/share/rosidl_adapter/cmake)
[2.495s] -- Found PythonInterp: /usr/bin/python3 (found version "3.6.9") 
[2.622s] CMake Error at /opt/ros/dashing/share/rosidl_adapter/cmake/rosidl_adapt_interfaces.cmake:60 (message):
[2.622s]   execute_process(/usr/bin/python3 -m rosidl_adapter --package-name
[2.622s]   person_msgs --arguments-file
[2.622s]   /home/nomoto/ros2_ws/src/build/person_msgs/rosidl_adapter__arguments__person_msgs.json
[2.622s]   --output-dir
[2.622s]   /home/nomoto/ros2_ws/src/build/person_msgs/rosidl_adapter/person_msgs
[2.622s]   --output-file
[2.622s]   /home/nomoto/ros2_ws/src/build/person_msgs/rosidl_adapter/person_msgs.idls)
[2.622s]   returned error code 1:
[2.622s] 
[2.622s]   Error processing 'unit8 age' of 'person_msgs/Person': 'unit8'
[2.622s] 
[2.622s]   Traceback (most recent call last):
[2.622s] 
[2.623s]     File "/usr/lib/python3.6/runpy.py", line 193, in _run_module_as_main
[2.623s]       "__main__", mod_spec)
[2.623s]     File "/usr/lib/python3.6/runpy.py", line 85, in _run_code
[2.623s]       exec(code, run_globals)
[2.623s]     File "/opt/ros/dashing/lib/python3.6/site-packages/rosidl_adapter/__main__.py", line 19, in <module>
[2.623s]       sys.exit(main())
[2.623s]     File "/opt/ros/dashing/lib/python3.6/site-packages/rosidl_adapter/main.py", line 55, in main
[2.623s]       pathlib.Path(relative_path), output_dir)
[2.623s]     File "/opt/ros/dashing/lib/python3.6/site-packages/rosidl_adapter/__init__.py", line 20, in convert_to_idl
[2.623s]       package_dir, package_name, interface_file, output_dir / 'msg')
[2.623s]     File "/opt/ros/dashing/lib/python3.6/site-packages/rosidl_adapter/msg/__init__.py", line 28, in convert_msg_to_idl
[2.623s]       msg = parse_message_string(package_name, input_file.stem, content)
[2.623s]     File "/opt/ros/dashing/lib/python3.6/site-packages/rosidl_adapter/parser.py", line 504, in parse_message_string
[2.623s]       Type(type_string, context_package_name=pkg_name),
[2.623s]     File "/opt/ros/dashing/lib/python3.6/site-packages/rosidl_adapter/parser.py", line 273, in __init__
[2.623s]       context_package_name=context_package_name)
[2.623s]     File "/opt/ros/dashing/lib/python3.6/site-packages/rosidl_adapter/parser.py", line 202, in __init__
[2.623s]       raise InvalidResourceName(self.type)
[2.623s] 
[2.623s]   rosidl_adapter.parser.InvalidResourceName: unit8
[2.623s] 
[2.623s] Call Stack (most recent call first):
[2.623s]   /opt/ros/dashing/share/rosidl_cmake/cmake/rosidl_generate_interfaces.cmake:130 (rosidl_adapt_interfaces)
[2.623s]   CMakeLists.txt:21 (rosidl_generate_interfaces)
[2.623s] 
[2.623s] 
[2.623s] -- Configuring incomplete, errors occurred!
[2.624s] See also "/home/nomoto/ros2_ws/src/build/person_msgs/CMakeFiles/CMakeOutput.log".
[2.625s] Invoked command in '/home/nomoto/ros2_ws/src/build/person_msgs' returned '1': CMAKE_PREFIX_PATH=/home/nomoto/ros2_ws/install/mypkg:/opt/ros/dashing /usr/bin/cmake /home/nomoto/ros2_ws/src/person_msgs -DCMAKE_INSTALL_PREFIX=/home/nomoto/ros2_ws/src/install/person_msgs
