[0.402s] Invoking command in '/home/nomoto/ros2_ws/src/mypkg': PYTHONPATH=/home/nomoto/ros2_ws/src/install/mypkg/lib/python3.6/site-packages:${PYTHONPATH} /usr/bin/python3 setup.py egg_info --egg-base ../build/mypkg build --build-base /home/nomoto/ros2_ws/src/build/mypkg/build install --prefix /home/nomoto/ros2_ws/src/install/mypkg --record /home/nomoto/ros2_ws/src/build/mypkg/install.log --single-version-externally-managed
[0.532s] running egg_info
[0.533s] creating ../build/mypkg/mypkg.egg-info
[0.533s] writing ../build/mypkg/mypkg.egg-info/PKG-INFO
[0.533s] writing dependency_links to ../build/mypkg/mypkg.egg-info/dependency_links.txt
[0.534s] writing entry points to ../build/mypkg/mypkg.egg-info/entry_points.txt
[0.534s] writing requirements to ../build/mypkg/mypkg.egg-info/requires.txt
[0.534s] writing top-level names to ../build/mypkg/mypkg.egg-info/top_level.txt
[0.534s] writing manifest file '../build/mypkg/mypkg.egg-info/SOURCES.txt'
[0.555s] reading manifest file '../build/mypkg/mypkg.egg-info/SOURCES.txt'
[0.556s] writing manifest file '../build/mypkg/mypkg.egg-info/SOURCES.txt'
[0.556s] running build
[0.557s] running build_py
[0.557s] creating /home/nomoto/ros2_ws/src/build/mypkg/build
[0.557s] creating /home/nomoto/ros2_ws/src/build/mypkg/build/lib
[0.557s] creating /home/nomoto/ros2_ws/src/build/mypkg/build/lib/mypkg
[0.557s] copying mypkg/talker.py -> /home/nomoto/ros2_ws/src/build/mypkg/build/lib/mypkg
[0.557s] copying mypkg/listener.py -> /home/nomoto/ros2_ws/src/build/mypkg/build/lib/mypkg
[0.557s] copying mypkg/__init__.py -> /home/nomoto/ros2_ws/src/build/mypkg/build/lib/mypkg
[0.558s] running install
[0.558s] running install_lib
[0.559s] creating /home/nomoto/ros2_ws/src/install/mypkg/lib/python3.6/site-packages/mypkg
[0.559s] copying /home/nomoto/ros2_ws/src/build/mypkg/build/lib/mypkg/talker.py -> /home/nomoto/ros2_ws/src/install/mypkg/lib/python3.6/site-packages/mypkg
[0.559s] copying /home/nomoto/ros2_ws/src/build/mypkg/build/lib/mypkg/listener.py -> /home/nomoto/ros2_ws/src/install/mypkg/lib/python3.6/site-packages/mypkg
[0.559s] copying /home/nomoto/ros2_ws/src/build/mypkg/build/lib/mypkg/__init__.py -> /home/nomoto/ros2_ws/src/install/mypkg/lib/python3.6/site-packages/mypkg
[0.559s] byte-compiling /home/nomoto/ros2_ws/src/install/mypkg/lib/python3.6/site-packages/mypkg/talker.py to talker.cpython-36.pyc
[0.560s] byte-compiling /home/nomoto/ros2_ws/src/install/mypkg/lib/python3.6/site-packages/mypkg/listener.py to listener.cpython-36.pyc
[0.560s] byte-compiling /home/nomoto/ros2_ws/src/install/mypkg/lib/python3.6/site-packages/mypkg/__init__.py to __init__.cpython-36.pyc
[0.560s] running install_data
[0.560s] creating /home/nomoto/ros2_ws/src/install/mypkg/share/ament_index
[0.560s] creating /home/nomoto/ros2_ws/src/install/mypkg/share/ament_index/resource_index
[0.560s] creating /home/nomoto/ros2_ws/src/install/mypkg/share/ament_index/resource_index/packages
[0.561s] copying resource/mypkg -> /home/nomoto/ros2_ws/src/install/mypkg/share/ament_index/resource_index/packages
[0.561s] copying package.xml -> /home/nomoto/ros2_ws/src/install/mypkg/share/mypkg
[0.561s] copying launch/talk_listen.launch.py -> /home/nomoto/ros2_ws/src/install/mypkg/share/mypkg
[0.561s] running install_egg_info
[0.562s] Copying ../build/mypkg/mypkg.egg-info to /home/nomoto/ros2_ws/src/install/mypkg/lib/python3.6/site-packages/mypkg-0.0.0-py3.6.egg-info
[0.562s] running install_scripts
[0.574s] Installing listener script to /home/nomoto/ros2_ws/src/install/mypkg/lib/mypkg
[0.575s] Installing talker script to /home/nomoto/ros2_ws/src/install/mypkg/lib/mypkg
[0.575s] writing list of installed files to '/home/nomoto/ros2_ws/src/build/mypkg/install.log'
[0.590s] Invoked command in '/home/nomoto/ros2_ws/src/mypkg' returned '0': PYTHONPATH=/home/nomoto/ros2_ws/src/install/mypkg/lib/python3.6/site-packages:${PYTHONPATH} /usr/bin/python3 setup.py egg_info --egg-base ../build/mypkg build --build-base /home/nomoto/ros2_ws/src/build/mypkg/build install --prefix /home/nomoto/ros2_ws/src/install/mypkg --record /home/nomoto/ros2_ws/src/build/mypkg/install.log --single-version-externally-managed
